#-----------------------------------------------------------
# Vivado v2019.2 (64-bit)
# SW Build 2708876 on Wed Nov  6 21:40:23 MST 2019
# IP Build 2700528 on Thu Nov  7 00:09:20 MST 2019
# Start of session at: Thu Sep 18 09:33:18 2025
# Process ID: 5944
# Current directory: C:/Users/datda/Downloads/jit_intern/i2c_controller
# Command line: vivado.exe -gui_launcher_event rodinguilauncherevent5780 C:\Users\datda\Downloads\jit_intern\i2c_controller\i2c_controller.xpr
# Log file: C:/Users/datda/Downloads/jit_intern/i2c_controller/vivado.log
# Journal file: C:/Users/datda/Downloads/jit_intern/i2c_controller\vivado.jou
#-----------------------------------------------------------
start_gui
open_project C:/Users/datda/Downloads/jit_intern/i2c_controller/i2c_controller.xpr
Scanning sources...
Finished scanning sources
INFO: [IP_Flow 19-234] Refreshing IP repositories
INFO: [IP_Flow 19-1704] No user IP repositories specified
INFO: [IP_Flow 19-2313] Loaded Vivado IP repository 'E:/FPGA/Xilinx_install/Vivado/2019.2/data/ip'.
open_project: Time (s): cpu = 00:00:14 ; elapsed = 00:00:07 . Memory (MB): peak = 939.723 ; gain = 278.586
update_compile_order -fileset sources_1
update_compile_order -fileset sources_1
exit
INFO: [Common 17-206] Exiting Vivado at Thu Sep 18 11:42:25 2025...
