#-----------------------------------------------------------
# Vivado v2019.2 (64-bit)
# SW Build 2708876 on Wed Nov  6 21:40:23 MST 2019
# IP Build 2700528 on Thu Nov  7 00:09:20 MST 2019
# Start of session at: Wed Sep 10 10:21:19 2025
# Process ID: 12012
# Current directory: C:/Users/datda/Downloads/jit_intern/i2c_controller
# Command line: vivado.exe -gui_launcher_event rodinguilauncherevent17088 C:\Users\datda\Downloads\jit_intern\i2c_controller\i2c_controller.xpr
# Log file: C:/Users/datda/Downloads/jit_intern/i2c_controller/vivado.log
# Journal file: C:/Users/datda/Downloads/jit_intern/i2c_controller\vivado.jou
#-----------------------------------------------------------
start_gui
open_project C:/Users/datda/Downloads/jit_intern/i2c_controller/i2c_controller.xpr
Scanning sources...
Finished scanning sources
INFO: [IP_Flow 19-234] Refreshing IP repositories
INFO: [IP_Flow 19-1704] No user IP repositories specified
INFO: [IP_Flow 19-2313] Loaded Vivado IP repository 'E:/FPGA/Xilinx_install/Vivado/2019.2/data/ip'.
open_project: Time (s): cpu = 00:00:16 ; elapsed = 00:00:13 . Memory (MB): peak = 882.352 ; gain = 248.184
update_compile_order -fileset sources_1
launch_simulation
Command: launch_simulation 
INFO: [Vivado 12-5682] Launching behavioral simulation in 'C:/Users/datda/Downloads/jit_intern/i2c_controller/i2c_controller.sim/sim_1/behav/xsim'
INFO: [SIM-utils-51] Simulation object is 'sim_1'
INFO: [SIM-utils-54] Inspecting design source files for 'scl_gen_tb' in fileset 'sim_1'...
INFO: [USF-XSim-97] Finding global include files...
INFO: [USF-XSim-98] Fetching design files from 'sim_1'...
INFO: [USF-XSim-2] XSim::Compile design
INFO: [USF-XSim-61] Executing 'COMPILE and ANALYZE' step in 'C:/Users/datda/Downloads/jit_intern/i2c_controller/i2c_controller.sim/sim_1/behav/xsim'
"xvlog --incr --relax -prj scl_gen_tb_vlog.prj"
INFO: [VRFC 10-2263] Analyzing Verilog file "C:/Users/datda/Downloads/jit_intern/i2c_controller/i2c_controller.srcs/sources_1/new/scl_gen.v" into library xil_defaultlib
INFO: [VRFC 10-311] analyzing module scl_gen
INFO: [VRFC 10-2263] Analyzing Verilog file "C:/Users/datda/Downloads/jit_intern/i2c_controller/i2c_controller.srcs/sim_1/new/scl_gen_tb.v" into library xil_defaultlib
INFO: [VRFC 10-311] analyzing module scl_gen_tb
INFO: [USF-XSim-69] 'compile' step finished in '5' seconds
INFO: [USF-XSim-3] XSim::Elaborate design
INFO: [USF-XSim-61] Executing 'ELABORATE' step in 'C:/Users/datda/Downloads/jit_intern/i2c_controller/i2c_controller.sim/sim_1/behav/xsim'
"xelab -wto bd3ea96680974ebf88e6e6598e2bb076 --incr --debug typical --relax --mt 2 -L xil_defaultlib -L unisims_ver -L unimacro_ver -L secureip --snapshot scl_gen_tb_behav xil_defaultlib.scl_gen_tb xil_defaultlib.glbl -log elaborate.log"
Vivado Simulator 2019.2
Copyright 1986-1999, 2001-2019 Xilinx, Inc. All Rights Reserved.
Running: E:/FPGA/Xilinx_install/Vivado/2019.2/bin/unwrapped/win64.o/xelab.exe -wto bd3ea96680974ebf88e6e6598e2bb076 --incr --debug typical --relax --mt 2 -L xil_defaultlib -L unisims_ver -L unimacro_ver -L secureip --snapshot scl_gen_tb_behav xil_defaultlib.scl_gen_tb xil_defaultlib.glbl -log elaborate.log 
Using 2 slave threads.
Starting static elaboration
Pass Through NonSizing Optimizer
Completed static elaboration
Starting simulation data flow analysis
Completed simulation data flow analysis
Time Resolution for simulation is 1ps
Compiling module xil_defaultlib.scl_gen_default
Compiling module xil_defaultlib.scl_gen_tb
Compiling module xil_defaultlib.glbl
Built simulation snapshot scl_gen_tb_behav

****** Webtalk v2019.2 (64-bit)
  **** SW Build 2708876 on Wed Nov  6 21:40:23 MST 2019
  **** IP Build 2700528 on Thu Nov  7 00:09:20 MST 2019
    ** Copyright 1986-2019 Xilinx, Inc. All Rights Reserved.

source C:/Users/datda/Downloads/jit_intern/i2c_controller/i2c_controller.sim/sim_1/behav/xsim/xsim.dir/scl_gen_tb_behav/webtalk/xsim_webtalk.tcl -notrace
INFO: [Common 17-206] Exiting Webtalk at Wed Sep 10 10:29:34 2025...
run_program: Time (s): cpu = 00:00:01 ; elapsed = 00:00:10 . Memory (MB): peak = 904.922 ; gain = 0.000
INFO: [USF-XSim-69] 'elaborate' step finished in '9' seconds
INFO: [USF-XSim-4] XSim::Simulate design
INFO: [USF-XSim-61] Executing 'SIMULATE' step in 'C:/Users/datda/Downloads/jit_intern/i2c_controller/i2c_controller.sim/sim_1/behav/xsim'
INFO: [USF-XSim-98] *** Running xsim
   with args "scl_gen_tb_behav -key {Behavioral:sim_1:Functional:scl_gen_tb} -tclbatch {scl_gen_tb.tcl} -log {simulate.log}"
INFO: [USF-XSim-8] Loading simulator feature
Vivado Simulator 2019.2
Time resolution is 1 ps
source scl_gen_tb.tcl
# set curr_wave [current_wave_config]
# if { [string length $curr_wave] == 0 } {
#   if { [llength [get_objects]] > 0} {
#     add_wave /
#     set_property needs_save false [current_wave_config]
#   } else {
#      send_msg_id Add_Wave-1 WARNING "No top level signals found. Simulator will start without a wave window. If you want to open a wave window go to 'File->New Waveform Configuration' or type 'create_wave_config' in the TCL console."
#   }
# }
# run 1000ns
INFO: [USF-XSim-96] XSim completed. Design snapshot 'scl_gen_tb_behav' loaded.
INFO: [USF-XSim-97] XSim simulation ran for 1000ns
launch_simulation: Time (s): cpu = 00:00:09 ; elapsed = 00:00:19 . Memory (MB): peak = 924.617 ; gain = 19.695
run 10 us
close_sim
INFO: [Simtcl 6-16] Simulation closed
exit
INFO: [Common 17-206] Exiting Vivado at Wed Sep 10 10:30:46 2025...
