Vivado Simulator 2019.2
Time resolution is 1 ps
[97500000 ns] STATE:        S_POWERUP, o_temp_data=0x00
[10097500000 ns] STATE:         S_STARTW, o_temp_data=0x00
[10152500000 ns] STATE:          S_ADDRW, o_temp_data=0x00
[10902500000 ns] STATE:          S_ACKAW, o_temp_data=0x00
[11002500000 ns] STATE:            S_REG, o_temp_data=0x00
[11802500000 ns] STATE:           S_ACKR, o_temp_data=0x00
[11902500000 ns] STATE:         S_RSTART, o_temp_data=0x00
[11952500000 ns] STATE:          S_ADDRR, o_temp_data=0x00
[12702500000 ns] STATE:          S_ACKAR, o_temp_data=0x00
[12802500000 ns] STATE:           S_RMSB, o_temp_data=0x00
[13602500000 ns] STATE:           S_MACK, o_temp_data=0x00
[13702500000 ns] STATE:           S_RLSB, o_temp_data=0x00
[14502500000 ns] STATE:          S_MNACK, o_temp_data=0x00
[14602500000 ns] STATE:           S_STOP, o_temp_data=0x00
[14607500000 ns] STATE:         S_STARTW, o_temp_data=0xff
[14652500000 ns] STATE:          S_ADDRW, o_temp_data=0xff
[15402500000 ns] STATE:          S_ACKAW, o_temp_data=0xff
[15502500000 ns] STATE:            S_REG, o_temp_data=0xff
[16302500000 ns] STATE:           S_ACKR, o_temp_data=0xff
[16402500000 ns] STATE:         S_RSTART, o_temp_data=0xff
[16452500000 ns] STATE:          S_ADDRR, o_temp_data=0xff
[17202500000 ns] STATE:          S_ACKAR, o_temp_data=0xff
[17302500000 ns] STATE:           S_RMSB, o_temp_data=0xff
[18102500000 ns] STATE:           S_MACK, o_temp_data=0xff
[18202500000 ns] STATE:           S_RLSB, o_temp_data=0xff
[19002500000 ns] STATE:          S_MNACK, o_temp_data=0xff
[19102500000 ns] STATE:           S_STOP, o_temp_data=0xff
[19107500000 ns] STATE:         S_STARTW, o_temp_data=0xff
[19152500000 ns] STATE:          S_ADDRW, o_temp_data=0xff
[19902500000 ns] STATE:          S_ACKAW, o_temp_data=0xff
[20002500000 ns] STATE:            S_REG, o_temp_data=0xff
[20802500000 ns] STATE:           S_ACKR, o_temp_data=0xff
[20902500000 ns] STATE:         S_RSTART, o_temp_data=0xff
[20952500000 ns] STATE:          S_ADDRR, o_temp_data=0xff
[21702500000 ns] STATE:          S_ACKAR, o_temp_data=0xff
[21802500000 ns] STATE:           S_RMSB, o_temp_data=0xff
[22602500000 ns] STATE:           S_MACK, o_temp_data=0xff
[22702500000 ns] STATE:           S_RLSB, o_temp_data=0xff
[23502500000 ns] STATE:          S_MNACK, o_temp_data=0xff
[23602500000 ns] STATE:           S_STOP, o_temp_data=0xff
[23607500000 ns] STATE:         S_STARTW, o_temp_data=0xff
[23652500000 ns] STATE:          S_ADDRW, o_temp_data=0xff
[24402500000 ns] STATE:          S_ACKAW, o_temp_data=0xff
[24502500000 ns] STATE:            S_REG, o_temp_data=0xff
[25302500000 ns] STATE:           S_ACKR, o_temp_data=0xff
[25402500000 ns] STATE:         S_RSTART, o_temp_data=0xff
[25452500000 ns] STATE:          S_ADDRR, o_temp_data=0xff
[26202500000 ns] STATE:          S_ACKAR, o_temp_data=0xff
[26302500000 ns] STATE:           S_RMSB, o_temp_data=0xff
[27102500000 ns] STATE:           S_MACK, o_temp_data=0xff
[27202500000 ns] STATE:           S_RLSB, o_temp_data=0xff
[28002500000 ns] STATE:          S_MNACK, o_temp_data=0xff
[28102500000 ns] STATE:           S_STOP, o_temp_data=0xff
[28107500000 ns] STATE:         S_STARTW, o_temp_data=0xff
[28152500000 ns] STATE:          S_ADDRW, o_temp_data=0xff
[28902500000 ns] STATE:          S_ACKAW, o_temp_data=0xff
[29002500000 ns] STATE:            S_REG, o_temp_data=0xff
[29802500000 ns] STATE:           S_ACKR, o_temp_data=0xff
[29902500000 ns] STATE:         S_RSTART, o_temp_data=0xff
[29952500000 ns] STATE:          S_ADDRR, o_temp_data=0xff
[30702500000 ns] STATE:          S_ACKAR, o_temp_data=0xff
[30802500000 ns] STATE:           S_RMSB, o_temp_data=0xff
[31602500000 ns] STATE:           S_MACK, o_temp_data=0xff
[31702500000 ns] STATE:           S_RLSB, o_temp_data=0xff
[32502500000 ns] STATE:          S_MNACK, o_temp_data=0xff
[32602500000 ns] STATE:           S_STOP, o_temp_data=0xff
[32607500000 ns] STATE:         S_STARTW, o_temp_data=0xff
[32652500000 ns] STATE:          S_ADDRW, o_temp_data=0xff
[33402500000 ns] STATE:          S_ACKAW, o_temp_data=0xff
[33502500000 ns] STATE:            S_REG, o_temp_data=0xff
[34302500000 ns] STATE:           S_ACKR, o_temp_data=0xff
[34402500000 ns] STATE:         S_RSTART, o_temp_data=0xff
[34452500000 ns] STATE:          S_ADDRR, o_temp_data=0xff
[35202500000 ns] STATE:          S_ACKAR, o_temp_data=0xff
[35302500000 ns] STATE:           S_RMSB, o_temp_data=0xff
[36102500000 ns] STATE:           S_MACK, o_temp_data=0xff
[36202500000 ns] STATE:           S_RLSB, o_temp_data=0xff
[37002500000 ns] STATE:          S_MNACK, o_temp_data=0xff
[37102500000 ns] STATE:           S_STOP, o_temp_data=0xff
[37107500000 ns] STATE:         S_STARTW, o_temp_data=0xff
[37152500000 ns] STATE:          S_ADDRW, o_temp_data=0xff
[37902500000 ns] STATE:          S_ACKAW, o_temp_data=0xff
[38002500000 ns] STATE:            S_REG, o_temp_data=0xff
[38802500000 ns] STATE:           S_ACKR, o_temp_data=0xff
[38902500000 ns] STATE:         S_RSTART, o_temp_data=0xff
[38952500000 ns] STATE:          S_ADDRR, o_temp_data=0xff
[39702500000 ns] STATE:          S_ACKAR, o_temp_data=0xff
[39802500000 ns] STATE:           S_RMSB, o_temp_data=0xff
Finish at 40000000000 ns
$finish called at time : 40 ms : File "C:/Users/datda/Downloads/jit_intern/i2c_controller/i2c_controller.srcs/sim_1/new/i2c_master_tb.v" Line 191
