
*** Running vivado
    with args -log bcd2led7seg_top.vds -m64 -product Vivado -mode batch -messageDb vivado.pb -notrace -source bcd2led7seg_top.tcl


****** Vivado v2019.2 (64-bit)
  **** SW Build 2708876 on Wed Nov  6 21:40:23 MST 2019
  **** IP Build 2700528 on Thu Nov  7 00:09:20 MST 2019
    ** Copyright 1986-2019 Xilinx, Inc. All Rights Reserved.

source bcd2led7seg_top.tcl -notrace
Command: synth_design -top bcd2led7seg_top -part xc7a100tcsg324-1
Starting synth_design
Attempting to get a license for feature 'Synthesis' and/or device 'xc7a100t'
INFO: [Common 17-349] Got license for feature 'Synthesis' and/or device 'xc7a100t'
INFO: [Device 21-403] Loading part xc7a100tcsg324-1
INFO: Launching helper process for spawning children vivado processes
INFO: Helper process launched with PID 16884 
---------------------------------------------------------------------------------
Starting RTL Elaboration : Time (s): cpu = 00:00:04 ; elapsed = 00:00:03 . Memory (MB): peak = 1009.727 ; gain = 235.230
---------------------------------------------------------------------------------
INFO: [Synth 8-6157] synthesizing module 'bcd2led7seg_top' [C:/Users/datda/Downloads/jit_intern/bcd2led7seg/bcd2led7seg.srcs/sources_1/new/bcd2led7seg_top.v:1]
	Parameter CLK_FREQ bound to: 100000000 - type: integer 
	Parameter DEBOUNCE_TIME_MS bound to: 20 - type: integer 
INFO: [Synth 8-6157] synthesizing module 'debounce' [C:/Users/datda/Downloads/jit_intern/bcd2led7seg/bcd2led7seg.srcs/sources_1/new/debouncing.v:1]
	Parameter CLK_FREQ bound to: 100000000 - type: integer 
	Parameter DEBOUNCE_TIME_MS bound to: 20 - type: integer 
	Parameter COUNT_MAX bound to: 2000000 - type: integer 
	Parameter COUNTER_WIDTH bound to: 21 - type: integer 
INFO: [Synth 8-6155] done synthesizing module 'debounce' (1#1) [C:/Users/datda/Downloads/jit_intern/bcd2led7seg/bcd2led7seg.srcs/sources_1/new/debouncing.v:1]
INFO: [Synth 8-6157] synthesizing module 'bin_to_bcd' [C:/Users/datda/Downloads/jit_intern/bcd2led7seg/bcd2led7seg.srcs/sources_1/new/bin_to_bcd.v:1]
WARNING: [Synth 8-6014] Unused sequential element R_shift_reg was removed.  [C:/Users/datda/Downloads/jit_intern/bcd2led7seg/bcd2led7seg.srcs/sources_1/new/bin_to_bcd.v:25]
INFO: [Synth 8-6155] done synthesizing module 'bin_to_bcd' (2#1) [C:/Users/datda/Downloads/jit_intern/bcd2led7seg/bcd2led7seg.srcs/sources_1/new/bin_to_bcd.v:1]
INFO: [Synth 8-6157] synthesizing module 'seven_seg_controller' [C:/Users/datda/Downloads/jit_intern/bcd2led7seg/bcd2led7seg.srcs/sources_1/new/seven_seg_controller.v:1]
	Parameter CLK_FREQ bound to: 100000000 - type: integer 
	Parameter ACTIVE_DIGITS bound to: 5 - type: integer 
	Parameter FAST_HZ bound to: 240 - type: integer 
	Parameter SLOW_HZ bound to: 2 - type: integer 
	Parameter PWM_FREQ bound to: 1000 - type: integer 
	Parameter PWM_BITS bound to: 8 - type: integer 
	Parameter BRIGHTNESS_LEVELS bound to: 4 - type: integer 
	Parameter COUNT_MAX_FAST bound to: 83333 - type: integer 
	Parameter COUNT_MAX_SLOW bound to: 10000000 - type: integer 
	Parameter CNTR_BITS bound to: 24 - type: integer 
	Parameter PWM_COUNT_MAX bound to: 100000 - type: integer 
	Parameter PWM_CNT_BITS bound to: 17 - type: integer 
INFO: [Synth 8-226] default block is never used [C:/Users/datda/Downloads/jit_intern/bcd2led7seg/bcd2led7seg.srcs/sources_1/new/seven_seg_controller.v:119]
INFO: [Synth 8-6155] done synthesizing module 'seven_seg_controller' (3#1) [C:/Users/datda/Downloads/jit_intern/bcd2led7seg/bcd2led7seg.srcs/sources_1/new/seven_seg_controller.v:1]
INFO: [Synth 8-6157] synthesizing module 'seven_seg_converter' [C:/Users/datda/Downloads/jit_intern/bcd2led7seg/bcd2led7seg.srcs/sources_1/new/seven_seg_converter.v:1]
INFO: [Synth 8-226] default block is never used [C:/Users/datda/Downloads/jit_intern/bcd2led7seg/bcd2led7seg.srcs/sources_1/new/seven_seg_converter.v:12]
INFO: [Synth 8-6155] done synthesizing module 'seven_seg_converter' (4#1) [C:/Users/datda/Downloads/jit_intern/bcd2led7seg/bcd2led7seg.srcs/sources_1/new/seven_seg_converter.v:1]
INFO: [Synth 8-6155] done synthesizing module 'bcd2led7seg_top' (5#1) [C:/Users/datda/Downloads/jit_intern/bcd2led7seg/bcd2led7seg.srcs/sources_1/new/bcd2led7seg_top.v:1]
---------------------------------------------------------------------------------
Finished RTL Elaboration : Time (s): cpu = 00:00:05 ; elapsed = 00:00:05 . Memory (MB): peak = 1081.914 ; gain = 307.418
---------------------------------------------------------------------------------

Report Check Netlist: 
+------+------------------+-------+---------+-------+------------------+
|      |Item              |Errors |Warnings |Status |Description       |
+------+------------------+-------+---------+-------+------------------+
|1     |multi_driven_nets |      0|        0|Passed |Multi driven nets |
+------+------------------+-------+---------+-------+------------------+
---------------------------------------------------------------------------------
Start Handling Custom Attributes
---------------------------------------------------------------------------------
---------------------------------------------------------------------------------
Finished Handling Custom Attributes : Time (s): cpu = 00:00:05 ; elapsed = 00:00:05 . Memory (MB): peak = 1081.914 ; gain = 307.418
---------------------------------------------------------------------------------
---------------------------------------------------------------------------------
Finished RTL Optimization Phase 1 : Time (s): cpu = 00:00:05 ; elapsed = 00:00:05 . Memory (MB): peak = 1081.914 ; gain = 307.418
---------------------------------------------------------------------------------
Netlist sorting complete. Time (s): cpu = 00:00:00 ; elapsed = 00:00:00.010 . Memory (MB): peak = 1081.914 ; gain = 0.000
INFO: [Project 1-570] Preparing netlist for logic optimization

Processing XDC Constraints
Initializing timing engine
Parsing XDC File [C:/Users/datda/Downloads/jit_intern/bcd2led7seg/bcd2led7seg.srcs/constrs_1/new/nexysa7source.xdc]
Finished Parsing XDC File [C:/Users/datda/Downloads/jit_intern/bcd2led7seg/bcd2led7seg.srcs/constrs_1/new/nexysa7source.xdc]
INFO: [Project 1-236] Implementation specific constraints were found while reading constraint file [C:/Users/datda/Downloads/jit_intern/bcd2led7seg/bcd2led7seg.srcs/constrs_1/new/nexysa7source.xdc]. These constraints will be ignored for synthesis but will be used in implementation. Impacted constraints are listed in the file [.Xil/bcd2led7seg_top_propImpl.xdc].
Resolution: To avoid this warning, move constraints listed in [.Xil/bcd2led7seg_top_propImpl.xdc] to another XDC file and exclude this new file from synthesis with the used_in_synthesis property (File Properties dialog in GUI) and re-run elaboration/synthesis.
Completed Processing XDC Constraints

Netlist sorting complete. Time (s): cpu = 00:00:00 ; elapsed = 00:00:00 . Memory (MB): peak = 1185.586 ; gain = 0.000
INFO: [Project 1-111] Unisim Transformation Summary:
No Unisim elements were transformed.

Constraint Validation Runtime : Time (s): cpu = 00:00:00 ; elapsed = 00:00:00.006 . Memory (MB): peak = 1185.586 ; gain = 0.000
---------------------------------------------------------------------------------
Finished Constraint Validation : Time (s): cpu = 00:00:11 ; elapsed = 00:00:11 . Memory (MB): peak = 1185.586 ; gain = 411.090
---------------------------------------------------------------------------------
---------------------------------------------------------------------------------
Start Loading Part and Timing Information
---------------------------------------------------------------------------------
Loading part: xc7a100tcsg324-1
---------------------------------------------------------------------------------
Finished Loading Part and Timing Information : Time (s): cpu = 00:00:11 ; elapsed = 00:00:11 . Memory (MB): peak = 1185.586 ; gain = 411.090
---------------------------------------------------------------------------------
---------------------------------------------------------------------------------
Start Applying 'set_property' XDC Constraints
---------------------------------------------------------------------------------
---------------------------------------------------------------------------------
Finished applying 'set_property' XDC Constraints : Time (s): cpu = 00:00:11 ; elapsed = 00:00:11 . Memory (MB): peak = 1185.586 ; gain = 411.090
---------------------------------------------------------------------------------
INFO: [Synth 8-4471] merging register 'O_bcd_sel_reg[2:0]' into 'R_digit_index_reg[2:0]' [C:/Users/datda/Downloads/jit_intern/bcd2led7seg/bcd2led7seg.srcs/sources_1/new/seven_seg_controller.v:143]
---------------------------------------------------------------------------------
Finished RTL Optimization Phase 2 : Time (s): cpu = 00:00:12 ; elapsed = 00:00:12 . Memory (MB): peak = 1185.586 ; gain = 411.090
---------------------------------------------------------------------------------

Report RTL Partitions: 
+-+--------------+------------+----------+
| |RTL Partition |Replication |Instances |
+-+--------------+------------+----------+
+-+--------------+------------+----------+
---------------------------------------------------------------------------------
Start RTL Component Statistics 
---------------------------------------------------------------------------------
Detailed RTL Component Info : 
+---Adders : 
	   2 Input     32 Bit       Adders := 1     
	   2 Input      4 Bit       Adders := 40    
	   2 Input      3 Bit       Adders := 1     
	   2 Input      2 Bit       Adders := 1     
+---Registers : 
	               20 Bit    Registers := 1     
	                8 Bit    Registers := 3     
	                5 Bit    Registers := 3     
	                4 Bit    Registers := 6     
	                3 Bit    Registers := 2     
	                2 Bit    Registers := 1     
	                1 Bit    Registers := 75    
+---Muxes : 
	   2 Input     24 Bit        Muxes := 1     
	   4 Input      8 Bit        Muxes := 1     
	   2 Input      5 Bit        Muxes := 2     
	   2 Input      4 Bit        Muxes := 31    
	   2 Input      3 Bit        Muxes := 2     
	   2 Input      2 Bit        Muxes := 1     
	   2 Input      1 Bit        Muxes := 76    
---------------------------------------------------------------------------------
Finished RTL Component Statistics 
---------------------------------------------------------------------------------
---------------------------------------------------------------------------------
Start RTL Hierarchical Component Statistics 
---------------------------------------------------------------------------------
Hierarchical RTL Component report 
Module bcd2led7seg_top 
Detailed RTL Component Info : 
+---Registers : 
	                8 Bit    Registers := 1     
	                5 Bit    Registers := 1     
	                3 Bit    Registers := 1     
Module debounce 
Detailed RTL Component Info : 
+---Registers : 
	                1 Bit    Registers := 4     
+---Muxes : 
	   2 Input      1 Bit        Muxes := 4     
Module bin_to_bcd 
Detailed RTL Component Info : 
+---Adders : 
	   2 Input      4 Bit       Adders := 40    
+---Registers : 
	               20 Bit    Registers := 1     
	                4 Bit    Registers := 5     
+---Muxes : 
	   2 Input      4 Bit        Muxes := 30    
Module seven_seg_controller 
Detailed RTL Component Info : 
+---Adders : 
	   2 Input     32 Bit       Adders := 1     
	   2 Input      3 Bit       Adders := 1     
	   2 Input      2 Bit       Adders := 1     
+---Registers : 
	                8 Bit    Registers := 1     
	                5 Bit    Registers := 2     
	                4 Bit    Registers := 1     
	                3 Bit    Registers := 1     
	                2 Bit    Registers := 1     
	                1 Bit    Registers := 3     
+---Muxes : 
	   2 Input     24 Bit        Muxes := 1     
	   4 Input      8 Bit        Muxes := 1     
	   2 Input      5 Bit        Muxes := 2     
	   2 Input      4 Bit        Muxes := 1     
	   2 Input      3 Bit        Muxes := 2     
	   2 Input      2 Bit        Muxes := 1     
	   2 Input      1 Bit        Muxes := 4     
Module seven_seg_converter 
Detailed RTL Component Info : 
+---Registers : 
	                8 Bit    Registers := 1     
---------------------------------------------------------------------------------
Finished RTL Hierarchical Component Statistics
---------------------------------------------------------------------------------
---------------------------------------------------------------------------------
Start Part Resource Summary
---------------------------------------------------------------------------------
Part Resources:
DSPs: 240 (col length:80)
BRAMs: 270 (col length: RAMB18 80 RAMB36 40)
---------------------------------------------------------------------------------
Finished Part Resource Summary
---------------------------------------------------------------------------------
---------------------------------------------------------------------------------
Start Cross Boundary and Area Optimization
---------------------------------------------------------------------------------
Warning: Parallel synthesis criteria is not met 
DSP Report: Generating DSP u_ssc/W_mult_full, operation Mode is: (A:0x186a0)*B.
DSP Report: operator u_ssc/W_mult_full is absorbed into DSP u_ssc/W_mult_full.
INFO: [Synth 8-3886] merging instance 'u_ssc/R_brightness_duty_reg[0]' (FDS) to 'u_ssc/R_brightness_duty_reg[1]'
INFO: [Synth 8-3886] merging instance 'u_ssc/R_brightness_duty_reg[1]' (FDS) to 'u_ssc/R_brightness_duty_reg[2]'
INFO: [Synth 8-3886] merging instance 'u_ssc/R_brightness_duty_reg[2]' (FDS) to 'u_ssc/R_brightness_duty_reg[3]'
INFO: [Synth 8-3886] merging instance 'u_ssc/R_brightness_duty_reg[3]' (FDS) to 'u_ssc/R_brightness_duty_reg[4]'
INFO: [Synth 8-3886] merging instance 'u_ssc/R_brightness_duty_reg[4]' (FDS) to 'u_ssc/R_brightness_duty_reg[5]'
INFO: [Synth 8-3333] propagating constant 0 across sequential element (\u_bin_to_bcd/O_bit4_reg[3] )
INFO: [Synth 8-3333] propagating constant 1 across sequential element (\u_seg_conv/O_seg_out_reg[7] )
INFO: [Synth 8-3886] merging instance 'O_anode_off_reg[0]' (FD) to 'O_anode_off_reg[1]'
INFO: [Synth 8-3886] merging instance 'O_anode_off_reg[1]' (FD) to 'O_anode_off_reg[2]'
INFO: [Synth 8-3333] propagating constant 1 across sequential element (\O_anode_off_reg[2] )
INFO: [Synth 8-3886] merging instance 'O_seg_out_reg[7]' (FDS) to 'u_seg_conv/O_seg_out_reg[7]'
INFO: [Synth 8-3333] propagating constant 1 across sequential element (\u_seg_conv/O_seg_out_reg[7] )
INFO: [Synth 8-3333] propagating constant 0 across sequential element (\u_bin_to_bcd/O_bit4_reg[2] )
---------------------------------------------------------------------------------
Finished Cross Boundary and Area Optimization : Time (s): cpu = 00:00:16 ; elapsed = 00:00:17 . Memory (MB): peak = 1185.586 ; gain = 411.090
---------------------------------------------------------------------------------
---------------------------------------------------------------------------------
Start ROM, RAM, DSP and Shift Register Reporting
---------------------------------------------------------------------------------

DSP: Preliminary Mapping	Report (see note below)
+---------------------+---------------+--------+--------+--------+--------+--------+------+------+------+------+-------+------+------+
|Module Name          | DSP Mapping   | A Size | B Size | C Size | D Size | P Size | AREG | BREG | CREG | DREG | ADREG | MREG | PREG | 
+---------------------+---------------+--------+--------+--------+--------+--------+------+------+------+------+-------+------+------+
|seven_seg_controller | (A:0x186a0)*B | 8      | 17     | -      | -      | 25     | 0    | 0    | -    | -    | -     | 0    | 0    | 
+---------------------+---------------+--------+--------+--------+--------+--------+------+------+------+------+-------+------+------+

Note: The table above is a preliminary report that shows the DSPs inferred at the current stage of the synthesis flow. Some DSP may be reimplemented as non DSP primitives later in the synthesis flow. Multiple instantiated DSPs are reported only once.
---------------------------------------------------------------------------------
Finished ROM, RAM, DSP and Shift Register Reporting
---------------------------------------------------------------------------------

Report RTL Partitions: 
+-+--------------+------------+----------+
| |RTL Partition |Replication |Instances |
+-+--------------+------------+----------+
+-+--------------+------------+----------+
---------------------------------------------------------------------------------
Start Applying XDC Timing Constraints
---------------------------------------------------------------------------------
---------------------------------------------------------------------------------
Finished Applying XDC Timing Constraints : Time (s): cpu = 00:00:26 ; elapsed = 00:00:26 . Memory (MB): peak = 1209.898 ; gain = 435.402
---------------------------------------------------------------------------------
---------------------------------------------------------------------------------
Start Timing Optimization
---------------------------------------------------------------------------------
---------------------------------------------------------------------------------
Finished Timing Optimization : Time (s): cpu = 00:00:27 ; elapsed = 00:00:28 . Memory (MB): peak = 1240.000 ; gain = 465.504
---------------------------------------------------------------------------------

Report RTL Partitions: 
+-+--------------+------------+----------+
| |RTL Partition |Replication |Instances |
+-+--------------+------------+----------+
+-+--------------+------------+----------+
---------------------------------------------------------------------------------
Start Technology Mapping
---------------------------------------------------------------------------------
---------------------------------------------------------------------------------
Finished Technology Mapping : Time (s): cpu = 00:00:27 ; elapsed = 00:00:28 . Memory (MB): peak = 1243.211 ; gain = 468.715
---------------------------------------------------------------------------------

Report RTL Partitions: 
+-+--------------+------------+----------+
| |RTL Partition |Replication |Instances |
+-+--------------+------------+----------+
+-+--------------+------------+----------+
---------------------------------------------------------------------------------
Start IO Insertion
---------------------------------------------------------------------------------
---------------------------------------------------------------------------------
Start Flattening Before IO Insertion
---------------------------------------------------------------------------------
---------------------------------------------------------------------------------
Finished Flattening Before IO Insertion
---------------------------------------------------------------------------------
---------------------------------------------------------------------------------
Start Final Netlist Cleanup
---------------------------------------------------------------------------------
---------------------------------------------------------------------------------
Finished Final Netlist Cleanup
---------------------------------------------------------------------------------
---------------------------------------------------------------------------------
Finished IO Insertion : Time (s): cpu = 00:00:31 ; elapsed = 00:00:31 . Memory (MB): peak = 1258.012 ; gain = 483.516
---------------------------------------------------------------------------------
---------------------------------------------------------------------------------
Start Renaming Generated Instances
---------------------------------------------------------------------------------
---------------------------------------------------------------------------------
Finished Renaming Generated Instances : Time (s): cpu = 00:00:31 ; elapsed = 00:00:31 . Memory (MB): peak = 1258.012 ; gain = 483.516
---------------------------------------------------------------------------------

Report RTL Partitions: 
+-+--------------+------------+----------+
| |RTL Partition |Replication |Instances |
+-+--------------+------------+----------+
+-+--------------+------------+----------+

Report Check Netlist: 
+------+------------------+-------+---------+-------+------------------+
|      |Item              |Errors |Warnings |Status |Description       |
+------+------------------+-------+---------+-------+------------------+
|1     |multi_driven_nets |      0|        0|Passed |Multi driven nets |
+------+------------------+-------+---------+-------+------------------+
---------------------------------------------------------------------------------
Start Rebuilding User Hierarchy
---------------------------------------------------------------------------------
---------------------------------------------------------------------------------
Finished Rebuilding User Hierarchy : Time (s): cpu = 00:00:31 ; elapsed = 00:00:31 . Memory (MB): peak = 1258.012 ; gain = 483.516
---------------------------------------------------------------------------------
---------------------------------------------------------------------------------
Start Renaming Generated Ports
---------------------------------------------------------------------------------
---------------------------------------------------------------------------------
Finished Renaming Generated Ports : Time (s): cpu = 00:00:31 ; elapsed = 00:00:31 . Memory (MB): peak = 1258.012 ; gain = 483.516
---------------------------------------------------------------------------------
---------------------------------------------------------------------------------
Start Handling Custom Attributes
---------------------------------------------------------------------------------
---------------------------------------------------------------------------------
Finished Handling Custom Attributes : Time (s): cpu = 00:00:31 ; elapsed = 00:00:31 . Memory (MB): peak = 1258.012 ; gain = 483.516
---------------------------------------------------------------------------------
---------------------------------------------------------------------------------
Start Renaming Generated Nets
---------------------------------------------------------------------------------
---------------------------------------------------------------------------------
Finished Renaming Generated Nets : Time (s): cpu = 00:00:31 ; elapsed = 00:00:31 . Memory (MB): peak = 1258.012 ; gain = 483.516
---------------------------------------------------------------------------------
---------------------------------------------------------------------------------
Start Writing Synthesis Report
---------------------------------------------------------------------------------

Report BlackBoxes: 
+-+--------------+----------+
| |BlackBox name |Instances |
+-+--------------+----------+
+-+--------------+----------+

Report Cell Usage: 
+------+--------+------+
|      |Cell    |Count |
+------+--------+------+
|1     |BUFG    |     1|
|2     |CARRY4  |   126|
|3     |DSP48E1 |     1|
|4     |LUT1    |    22|
|5     |LUT2    |    15|
|6     |LUT3    |    39|
|7     |LUT4    |   139|
|8     |LUT5    |    39|
|9     |LUT6    |    74|
|10    |FDRE    |   542|
|11    |FDSE    |    29|
|12    |IBUF    |    20|
|13    |OBUF    |    16|
+------+--------+------+

Report Instance Areas: 
+------+--------------------------+---------------------+------+
|      |Instance                  |Module               |Cells |
+------+--------------------------+---------------------+------+
|1     |top                       |                     |  1063|
|2     |  \GEN_SW_DB[0].u_db_sw   |debounce             |    42|
|3     |  \GEN_SW_DB[10].u_db_sw  |debounce_0           |    46|
|4     |  \GEN_SW_DB[11].u_db_sw  |debounce_1           |    45|
|5     |  \GEN_SW_DB[12].u_db_sw  |debounce_2           |    42|
|6     |  \GEN_SW_DB[13].u_db_sw  |debounce_3           |    43|
|7     |  \GEN_SW_DB[14].u_db_sw  |debounce_4           |    42|
|8     |  \GEN_SW_DB[15].u_db_sw  |debounce_5           |    44|
|9     |  \GEN_SW_DB[1].u_db_sw   |debounce_6           |    43|
|10    |  \GEN_SW_DB[2].u_db_sw   |debounce_7           |    42|
|11    |  \GEN_SW_DB[3].u_db_sw   |debounce_8           |    42|
|12    |  \GEN_SW_DB[4].u_db_sw   |debounce_9           |    43|
|13    |  \GEN_SW_DB[5].u_db_sw   |debounce_10          |    42|
|14    |  \GEN_SW_DB[6].u_db_sw   |debounce_11          |    43|
|15    |  \GEN_SW_DB[7].u_db_sw   |debounce_12          |    42|
|16    |  \GEN_SW_DB[8].u_db_sw   |debounce_13          |    42|
|17    |  \GEN_SW_DB[9].u_db_sw   |debounce_14          |    98|
|18    |  u_bin_to_bcd            |bin_to_bcd           |    22|
|19    |  u_db_dn                 |debounce_15          |    42|
|20    |  u_db_up                 |debounce_16          |    42|
|21    |  u_seg_conv              |seven_seg_converter  |    14|
|22    |  u_ssc                   |seven_seg_controller |   153|
+------+--------------------------+---------------------+------+
---------------------------------------------------------------------------------
Finished Writing Synthesis Report : Time (s): cpu = 00:00:31 ; elapsed = 00:00:31 . Memory (MB): peak = 1258.012 ; gain = 483.516
---------------------------------------------------------------------------------
Synthesis finished with 0 errors, 0 critical warnings and 0 warnings.
Synthesis Optimization Runtime : Time (s): cpu = 00:00:24 ; elapsed = 00:00:29 . Memory (MB): peak = 1258.012 ; gain = 379.844
Synthesis Optimization Complete : Time (s): cpu = 00:00:31 ; elapsed = 00:00:32 . Memory (MB): peak = 1258.012 ; gain = 483.516
INFO: [Project 1-571] Translating synthesized netlist
Netlist sorting complete. Time (s): cpu = 00:00:00 ; elapsed = 00:00:00.009 . Memory (MB): peak = 1270.078 ; gain = 0.000
INFO: [Netlist 29-17] Analyzing 127 Unisim elements for replacement
INFO: [Netlist 29-28] Unisim Transformation completed in 0 CPU seconds
INFO: [Project 1-570] Preparing netlist for logic optimization
INFO: [Opt 31-138] Pushed 0 inverter(s) to 0 load pin(s).
Netlist sorting complete. Time (s): cpu = 00:00:00 ; elapsed = 00:00:00 . Memory (MB): peak = 1270.078 ; gain = 0.000
INFO: [Project 1-111] Unisim Transformation Summary:
No Unisim elements were transformed.

INFO: [Common 17-83] Releasing license: Synthesis
38 Infos, 1 Warnings, 0 Critical Warnings and 0 Errors encountered.
synth_design completed successfully
synth_design: Time (s): cpu = 00:00:35 ; elapsed = 00:00:37 . Memory (MB): peak = 1270.078 ; gain = 797.281
Netlist sorting complete. Time (s): cpu = 00:00:00 ; elapsed = 00:00:00 . Memory (MB): peak = 1270.078 ; gain = 0.000
WARNING: [Constraints 18-5210] No constraints selected for write.
Resolution: This message can indicate that there are no constraints for the design, or it can indicate that the used_in flags are set such that the constraints are ignored. This later case is used when running synth_design to not write synthesis constraints to the resulting checkpoint. Instead, project constraints are read when the synthesized design is opened.
INFO: [Common 17-1381] The checkpoint 'C:/Users/datda/Downloads/jit_intern/bcd2led7seg/bcd2led7seg.runs/synth_1/bcd2led7seg_top.dcp' has been generated.
INFO: [runtcl-4] Executing : report_utilization -file bcd2led7seg_top_utilization_synth.rpt -pb bcd2led7seg_top_utilization_synth.pb
INFO: [Common 17-206] Exiting Vivado at Mon Aug 18 11:33:16 2025...
