#-----------------------------------------------------------
# Vivado v2019.2 (64-bit)
# SW Build 2708876 on Wed Nov  6 21:40:23 MST 2019
# IP Build 2700528 on Thu Nov  7 00:09:20 MST 2019
# Start of session at: Thu Aug 28 08:46:07 2025
# Process ID: 12484
# Current directory: C:/Users/datda/Downloads/jit_intern/bcd2led7seg
# Command line: vivado.exe -gui_launcher_event rodinguilauncherevent8476 C:\Users\datda\Downloads\jit_intern\bcd2led7seg\bcd2led7seg.xpr
# Log file: C:/Users/datda/Downloads/jit_intern/bcd2led7seg/vivado.log
# Journal file: C:/Users/datda/Downloads/jit_intern/bcd2led7seg\vivado.jou
#-----------------------------------------------------------
start_gui
open_project C:/Users/datda/Downloads/jit_intern/bcd2led7seg/bcd2led7seg.xpr
Scanning sources...
Finished scanning sources
INFO: [IP_Flow 19-234] Refreshing IP repositories
INFO: [IP_Flow 19-1704] No user IP repositories specified
INFO: [IP_Flow 19-2313] Loaded Vivado IP repository 'E:/FPGA/Xilinx_install/Vivado/2019.2/data/ip'.
open_project: Time (s): cpu = 00:00:14 ; elapsed = 00:00:12 . Memory (MB): peak = 894.855 ; gain = 256.480
exit
INFO: [Common 17-206] Exiting Vivado at Thu Aug 28 10:36:17 2025...
