Copyright 1986-2019 Xilinx, Inc. All Rights Reserved.
----------------------------------------------------------------------------------------
| Tool Version : Vivado v.2019.2 (win64) Build 2708876 Wed Nov  6 21:40:23 MST 2019
| Date         : Fri Aug 15 13:41:08 2025
| Host         : Datdatnguyen running 64-bit major release  (build 9200)
| Command      : report_control_sets -verbose -file bcd2led7seg_control_sets_placed.rpt
| Design       : bcd2led7seg
| Device       : xc7a100t
----------------------------------------------------------------------------------------

Control Set Information

Table of Contents
-----------------
1. Summary
2. Histogram
3. Flip-Flop Distribution
4. Detailed Control Set Information

1. Summary
----------

+----------------------------------------------------------+-------+
|                          Status                          | Count |
+----------------------------------------------------------+-------+
| Total control sets                                       |     4 |
|    Minimum number of control sets                        |     4 |
|    Addition due to synthesis replication                 |     0 |
|    Addition due to physical synthesis replication        |     0 |
| Unused register locations in slices containing registers |     9 |
+----------------------------------------------------------+-------+
* Control sets can be merged at opt_design using control_set_merge or merge_equivalent_drivers
** Run report_qor_suggestions for automated merging and remapping suggestions


2. Histogram
------------

+--------------------+-------+
|       Fanout       | Count |
+--------------------+-------+
| Total control sets |     4 |
| >= 0 to < 4        |     1 |
| >= 4 to < 6        |     1 |
| >= 6 to < 8        |     0 |
| >= 8 to < 10       |     0 |
| >= 10 to < 12      |     0 |
| >= 12 to < 14      |     0 |
| >= 14 to < 16      |     0 |
| >= 16              |     2 |
+--------------------+-------+
* Control sets can be remapped at either synth_design or opt_design


3. Flip-Flop Distribution
-------------------------

+--------------+-----------------------+------------------------+-----------------+--------------+
| Clock Enable | Synchronous Set/Reset | Asynchronous Set/Reset | Total Registers | Total Slices |
+--------------+-----------------------+------------------------+-----------------+--------------+
| No           | No                    | No                     |               3 |            2 |
| No           | No                    | Yes                    |             400 |           92 |
| No           | Yes                   | No                     |              24 |            6 |
| Yes          | No                    | No                     |               4 |            4 |
| Yes          | No                    | Yes                    |               0 |            0 |
| Yes          | Yes                   | No                     |               0 |            0 |
+--------------+-----------------------+------------------------+-----------------+--------------+


4. Detailed Control Set Information
-----------------------------------

+----------------+-------------------------+-------------------------+------------------+----------------+
|  Clock Signal  |      Enable Signal      |     Set/Reset Signal    | Slice Load Count | Bel Load Count |
+----------------+-------------------------+-------------------------+------------------+----------------+
|  clk_IBUF_BUFG |                         |                         |                2 |              3 |
|  clk_IBUF_BUFG | ssc1/bcd_out[3]_i_1_n_0 |                         |                4 |              4 |
|  clk_IBUF_BUFG |                         | ssc1/bcd_out[3]_i_1_n_0 |                6 |             24 |
|  clk_IBUF_BUFG |                         | rst_IBUF                |               92 |            400 |
+----------------+-------------------------+-------------------------+------------------+----------------+


