#-----------------------------------------------------------
# Vivado v2019.2 (64-bit)
# SW Build 2708876 on Wed Nov  6 21:40:23 MST 2019
# IP Build 2700528 on Thu Nov  7 00:09:20 MST 2019
# Start of session at: Thu Nov 13 09:53:54 2025
# Process ID: 1236
# Current directory: C:/Users/datda/Downloads/jit_intern/spi_adxl362_controller/spi_adxl362_controller
# Command line: vivado.exe -gui_launcher_event rodinguilauncherevent16968 C:\Users\datda\Downloads\jit_intern\spi_adxl362_controller\spi_adxl362_controller\spi_adxl362_controller.xpr
# Log file: C:/Users/datda/Downloads/jit_intern/spi_adxl362_controller/spi_adxl362_controller/vivado.log
# Journal file: C:/Users/datda/Downloads/jit_intern/spi_adxl362_controller/spi_adxl362_controller\vivado.jou
#-----------------------------------------------------------
start_gui
open_project C:/Users/datda/Downloads/jit_intern/spi_adxl362_controller/spi_adxl362_controller/spi_adxl362_controller.xpr
INFO: [ProjectBase 1-489] The host OS only allows 260 characters in a normal path. The project is stored in a path with more than 80 characters. If you experience issues with IP, Block Designs, or files not being found, please consider moving the project to a location with a shorter path. Alternately consider using the OS subst command to map part of the path to a drive letter.
Current project path is 'C:/Users/datda/Downloads/jit_intern/spi_adxl362_controller/spi_adxl362_controller'
Scanning sources...
Finished scanning sources
INFO: [IP_Flow 19-234] Refreshing IP repositories
INFO: [IP_Flow 19-1700] Loaded user IP repository 'c:/Users/datda/Downloads/jit_intern/spi_adxl362_controller/spi_adxl362_controller'.
INFO: [IP_Flow 19-2313] Loaded Vivado IP repository 'E:/FPGA/Xilinx_install/Vivado/2019.2/data/ip'.
open_project: Time (s): cpu = 00:00:14 ; elapsed = 00:00:07 . Memory (MB): peak = 958.848 ; gain = 301.352
update_compile_order -fileset sources_1
add_files -norecurse C:/Users/datda/Downloads/jit_intern/bcd2led7seg/bcd2led7seg.srcs/sources_1/new/debouncing.v
update_compile_order -fileset sources_1
reset_run synth_1
launch_runs synth_1 -jobs 12
[Thu Nov 13 10:17:12 2025] Launched synth_1...
Run output will be captured here: C:/Users/datda/Downloads/jit_intern/spi_adxl362_controller/spi_adxl362_controller/spi_adxl362_controller.runs/synth_1/runme.log
launch_runs impl_1 -jobs 12
[Thu Nov 13 10:17:53 2025] Launched impl_1...
Run output will be captured here: C:/Users/datda/Downloads/jit_intern/spi_adxl362_controller/spi_adxl362_controller/spi_adxl362_controller.runs/impl_1/runme.log
launch_runs impl_1 -to_step write_bitstream -jobs 12
[Thu Nov 13 10:20:01 2025] Launched impl_1...
Run output will be captured here: C:/Users/datda/Downloads/jit_intern/spi_adxl362_controller/spi_adxl362_controller/spi_adxl362_controller.runs/impl_1/runme.log
open_hw_manager
connect_hw_server -allow_non_jtag
INFO: [Labtools 27-2285] Connecting to hw_server url TCP:localhost:3121
INFO: [Labtools 27-2222] Launching hw_server...
INFO: [Labtools 27-2221] Launch Output:

****** Xilinx hw_server v2019.2
  **** Build date : Nov  6 2019 at 22:12:23
    ** Copyright 1986-2019 Xilinx, Inc. All Rights Reserved.


INFO: [Labtools 27-3415] Connecting to cs_server url TCP:localhost:3042
INFO: [Labtools 27-3417] Launching cs_server...
INFO: [Labtools 27-2221] Launch Output:


****** Xilinx cs_server v2019.2.0
  **** Build date : Nov 07 2019-12:28:22
    ** Copyright 2017-2019 Xilinx, Inc. All Rights Reserved.



connect_hw_server: Time (s): cpu = 00:00:01 ; elapsed = 00:00:07 . Memory (MB): peak = 1016.359 ; gain = 0.000
open_hw_target
INFO: [Labtoolstcl 44-466] Opening hw_target localhost:3121/xilinx_tcf/Digilent/210292BD78BEA
set_property PROGRAM.FILE {C:/Users/datda/Downloads/jit_intern/spi_adxl362_controller/spi_adxl362_controller/spi_adxl362_controller.runs/impl_1/top.bit} [get_hw_devices xc7a100t_0]
current_hw_device [get_hw_devices xc7a100t_0]
refresh_hw_device -update_hw_probes false [lindex [get_hw_devices xc7a100t_0] 0]
INFO: [Labtools 27-1434] Device xc7a100t (JTAG device index = 0) is programmed with a design that has no supported debug core(s) in it.
set_property PROBES.FILE {} [get_hw_devices xc7a100t_0]
set_property FULL_PROBES.FILE {} [get_hw_devices xc7a100t_0]
set_property PROGRAM.FILE {C:/Users/datda/Downloads/jit_intern/spi_adxl362_controller/spi_adxl362_controller/spi_adxl362_controller.runs/impl_1/top.bit} [get_hw_devices xc7a100t_0]
program_hw_devices [get_hw_devices xc7a100t_0]
INFO: [Labtools 27-3164] End of startup status: HIGH
refresh_hw_device [lindex [get_hw_devices xc7a100t_0] 0]
INFO: [Labtools 27-1434] Device xc7a100t (JTAG device index = 0) is programmed with a design that has no supported debug core(s) in it.
ERROR: [Labtoolstcl 44-513] HW Target shutdown. Closing target: localhost:3121/xilinx_tcf/Digilent/210292BD78BEA
INFO: [Labtoolstcl 44-466] Opening hw_target localhost:3121/xilinx_tcf/Digilent/210292BD78BEA
INFO: [Labtools 27-1435] Device xc7a100t (JTAG device index = 0) is not programmed (DONE status = 0).
WARNING: [Labtoolstcl 44-129] No matching hw_ila_data was found.
set_property PROBES.FILE {} [get_hw_devices xc7a100t_0]
set_property FULL_PROBES.FILE {} [get_hw_devices xc7a100t_0]
set_property PROGRAM.FILE {C:/Users/datda/Downloads/jit_intern/spi_adxl362_controller/spi_adxl362_controller/spi_adxl362_controller.runs/impl_1/top.bit} [get_hw_devices xc7a100t_0]
program_hw_devices [get_hw_devices xc7a100t_0]
INFO: [Labtools 27-3164] End of startup status: HIGH
refresh_hw_device [lindex [get_hw_devices xc7a100t_0] 0]
INFO: [Labtools 27-1434] Device xc7a100t (JTAG device index = 0) is programmed with a design that has no supported debug core(s) in it.
set_property PROBES.FILE {} [get_hw_devices xc7a100t_0]
set_property FULL_PROBES.FILE {} [get_hw_devices xc7a100t_0]
set_property PROGRAM.FILE {C:/Users/datda/Downloads/jit_intern/spi_adxl362_controller/spi_adxl362_controller/spi_adxl362_controller.runs/impl_1/top.bit} [get_hw_devices xc7a100t_0]
program_hw_devices [get_hw_devices xc7a100t_0]
INFO: [Labtools 27-3164] End of startup status: HIGH
refresh_hw_device [lindex [get_hw_devices xc7a100t_0] 0]
INFO: [Labtools 27-1434] Device xc7a100t (JTAG device index = 0) is programmed with a design that has no supported debug core(s) in it.
ERROR: [Labtoolstcl 44-513] HW Target shutdown. Closing target: localhost:3121/xilinx_tcf/Digilent/210292BD78BEA
INFO: [Labtoolstcl 44-466] Opening hw_target localhost:3121/xilinx_tcf/Digilent/210292BD78BEA
INFO: [Labtools 27-1435] Device xc7a100t (JTAG device index = 0) is not programmed (DONE status = 0).
WARNING: [Labtoolstcl 44-129] No matching hw_ila_data was found.
ERROR: [Labtoolstcl 44-513] HW Target shutdown. Closing target: localhost:3121/xilinx_tcf/Digilent/210292BD78BEA
exit
INFO: [Common 17-206] Exiting Vivado at Thu Nov 13 11:30:29 2025...
