#-----------------------------------------------------------
# Vivado v2019.2 (64-bit)
# SW Build 2708876 on Wed Nov  6 21:40:23 MST 2019
# IP Build 2700528 on Thu Nov  7 00:09:20 MST 2019
# Start of session at: Mon Oct 13 13:36:34 2025
# Process ID: 15540
# Current directory: C:/Users/datda/Downloads/jit_intern/spi_adxl362_controller/spi_adxl362_controller
# Command line: vivado.exe -gui_launcher_event rodinguilauncherevent3748 C:\Users\datda\Downloads\jit_intern\spi_adxl362_controller\spi_adxl362_controller\spi_adxl362_controller.xpr
# Log file: C:/Users/datda/Downloads/jit_intern/spi_adxl362_controller/spi_adxl362_controller/vivado.log
# Journal file: C:/Users/datda/Downloads/jit_intern/spi_adxl362_controller/spi_adxl362_controller\vivado.jou
#-----------------------------------------------------------
start_gui
open_project C:/Users/datda/Downloads/jit_intern/spi_adxl362_controller/spi_adxl362_controller/spi_adxl362_controller.xpr
INFO: [ProjectBase 1-489] The host OS only allows 260 characters in a normal path. The project is stored in a path with more than 80 characters. If you experience issues with IP, Block Designs, or files not being found, please consider moving the project to a location with a shorter path. Alternately consider using the OS subst command to map part of the path to a drive letter.
Current project path is 'C:/Users/datda/Downloads/jit_intern/spi_adxl362_controller/spi_adxl362_controller'
Scanning sources...
Finished scanning sources
INFO: [IP_Flow 19-234] Refreshing IP repositories
INFO: [IP_Flow 19-1704] No user IP repositories specified
INFO: [IP_Flow 19-2313] Loaded Vivado IP repository 'E:/FPGA/Xilinx_install/Vivado/2019.2/data/ip'.
open_project: Time (s): cpu = 00:00:14 ; elapsed = 00:00:12 . Memory (MB): peak = 912.352 ; gain = 282.488
update_compile_order -fileset sources_1
exit
INFO: [Common 17-206] Exiting Vivado at Mon Oct 13 13:37:27 2025...
