#-----------------------------------------------------------
# Vivado v2019.2 (64-bit)
# SW Build 2708876 on Wed Nov  6 21:40:23 MST 2019
# IP Build 2700528 on Thu Nov  7 00:09:20 MST 2019
# Start of session at: Mon Nov 17 10:53:07 2025
# Process ID: 6076
# Current directory: C:/Users/datda/Downloads/jit_intern/spi_adxl362_controller/spi_adxl362_controller
# Command line: vivado.exe -gui_launcher_event rodinguilauncherevent6868 C:\Users\datda\Downloads\jit_intern\spi_adxl362_controller\spi_adxl362_controller\spi_adxl362_controller.xpr
# Log file: C:/Users/datda/Downloads/jit_intern/spi_adxl362_controller/spi_adxl362_controller/vivado.log
# Journal file: C:/Users/datda/Downloads/jit_intern/spi_adxl362_controller/spi_adxl362_controller\vivado.jou
#-----------------------------------------------------------
start_gui
opopen_project C:/Users/datda/Downloads/jit_intern/spi_adxl362_controller/spi_adxl362_controller/spi_adxl362_controller.xpININFO: [ProjectBase 1-489] The host OS only allows 260 characters in a normal path. The project is stored in a path with more than 80 characters. If you experience issues with IP, Block Designs, or files not being found, please consider moving the project to a location with a shorter path. Alternately consider using the OS subst command to map part of the path to a drive letter.
Current project path is 'C:/Users/datda/Downloads/jit_intern/spi_adxl362_controller/spi_adxl362_controllerINScanning sources...
Finished scanning sources
INFO: [IP_Flow 19-234] Refreshing IP repositories
INFO: [IP_Flow 19-exit
INFO: [Common 17-206] Exiting Vivado at Mon Nov 17 10:53:34 2025...
adxl362_controller/spi_adxl362_controller'.
INFO: [IP_Flow 19-2313] Loaded Vivado IP repository 'E:/FPGA/Xilinx_install/Vivado/2019.2/data/ip'.
open_project: Time (s): cpu = 00:00:17 ; elapsed = 00:00:14 . Memory (MB): peak = 939.836 ; gain = 309.695
update_compile_order -fileset sources_1
open_run impl_1
INFO: [Device 21-403] Loading part xc7a100tcsg324-1
Netlist sorting complete. Time (s): cpu = 00:00:00 ; elapsed = 00:00:00.005 . Memory (MB): peak = 1496.492 ; gain = 0.000
INFO: [Netlist 29-17] Analyzing 51 Unisim elements for replacement
INFO: [Netlist 29-28] Unisim Transformation completed in 0 CPU seconds
INFO: [Project 1-479] Netlist was created with Vivado 2019.2
INFO: [Project 1-570] Preparing netlist for logic optimization
INFO: [Timing 38-478] Restoring timing data from binary archive.
INFO: [Timing 38-479] Binary timing data restore complete.
INFO: [Project 1-856] Restoring constraints from binary archive.
INFO: [Project 1-853] Binary constraint restore complete.
Reading XDEF placement.
Reading placer database...
Reading XDEF routing.
Read XDEF File: Time (s): cpu = 00:00:00 ; elapsed = 00:00:00.101 . Memory (MB): peak = 1859.973 ; gain = 0.000
Restored from archive | CPU: 0.000000 secs | Memory: 0.000000 MB |
Finished XDEF File Restore: Time (s): cpu = 00:00:00 ; elapsed = 00:00:00.101 . Memory (MB): peak = 1859.973 ; gain = 0.000
Netlist sorting complete. Time (s): cpu = 00:00:00 ; elapsed = 00:00:00 . Memory (MB): peak = 1859.973 ; gain = 0.000
INFO: [Project 1-111] Unisim Transformation Summary:
No Unisim elements were transformed.

open_run: Time (s): cpu = 00:00:23 ; elapsed = 00:00:18 . Memory (MB): peak = 1985.262 ; gain = 488.770
exit
INFO: [Common 17-206] Exiting Vivado at Mon Nov 17 11:41:40 2025...
